Started GET "/" for 127.0.0.1 at 2020-09-10 15:47:09 +0500
Processing by Rails::WelcomeController#index as HTML
  Rendering /home/darkgolly/.rbenv/versions/2.7.0/lib/ruby/gems/2.7.0/gems/railties-5.2.4.4/lib/rails/templates/rails/welcome/index.html.erb
  Rendered /home/darkgolly/.rbenv/versions/2.7.0/lib/ruby/gems/2.7.0/gems/railties-5.2.4.4/lib/rails/templates/rails/welcome/index.html.erb (2.2ms)
Completed 200 OK in 15ms (Views: 6.7ms | ActiveRecord: 0.0ms)


Started GET "/" for 127.0.0.1 at 2020-09-10 15:47:24 +0500
Processing by Rails::WelcomeController#index as HTML
  Rendering /home/darkgolly/.rbenv/versions/2.7.0/lib/ruby/gems/2.7.0/gems/railties-5.2.4.4/lib/rails/templates/rails/welcome/index.html.erb
  Rendered /home/darkgolly/.rbenv/versions/2.7.0/lib/ruby/gems/2.7.0/gems/railties-5.2.4.4/lib/rails/templates/rails/welcome/index.html.erb (1.5ms)
Completed 200 OK in 3ms (Views: 2.3ms | ActiveRecord: 0.0ms)


Started GET "/" for 127.0.0.1 at 2020-09-10 15:52:57 +0500
Processing by Rails::WelcomeController#index as HTML
  Rendering /home/darkgolly/.rbenv/versions/2.7.0/lib/ruby/gems/2.7.0/gems/railties-5.2.4.4/lib/rails/templates/rails/welcome/index.html.erb
  Rendered /home/darkgolly/.rbenv/versions/2.7.0/lib/ruby/gems/2.7.0/gems/railties-5.2.4.4/lib/rails/templates/rails/welcome/index.html.erb (1.4ms)
Completed 200 OK in 6ms (Views: 2.3ms | ActiveRecord: 0.0ms)


Started GET "/" for 127.0.0.1 at 2020-09-10 15:53:44 +0500
Processing by WelcomeController#index as HTML
  Rendering welcome/index.html.erb within layouts/application
  Rendered welcome/index.html.erb within layouts/application (0.2ms)
Completed 200 OK in 831ms (Views: 829.7ms | ActiveRecord: 0.0ms)


Started GET "/" for 127.0.0.1 at 2020-09-10 15:55:53 +0500
Processing by WelcomeController#index as HTML
  Rendering welcome/index.html.erb within layouts/application
  Rendered welcome/index.html.erb within layouts/application (0.2ms)
Completed 200 OK in 30ms (Views: 27.9ms | ActiveRecord: 0.0ms)


Started GET "/" for 127.0.0.1 at 2020-09-10 15:56:33 +0500
Processing by WelcomeController#index as HTML
  Rendering welcome/index.html.erb within layouts/application
  Rendered welcome/index.html.erb within layouts/application (0.4ms)
Completed 200 OK in 20ms (Views: 19.6ms | ActiveRecord: 0.0ms)


Started GET "/" for 127.0.0.1 at 2020-09-10 15:59:16 +0500
Processing by WelcomeController#index as HTML
  Rendering welcome/index.html.erb within layouts/application
  Rendered welcome/index.html.erb within layouts/application (1.0ms)
DEPRECATION WARNING: autoprefixer-rails was deprected. Migration guide:
https://github.com/ai/autoprefixer-rails/wiki/Deprecated (called from _app_views_layouts_application_html_erb___2157657267155916273_14560 at /home/darkgolly/sites/card_app/app/views/layouts/application.html.erb:8)
Completed 200 OK in 1441ms (Views: 1433.7ms | ActiveRecord: 0.0ms)


Started GET "/" for 127.0.0.1 at 2020-09-10 16:13:54 +0500
Processing by WelcomeController#index as HTML
  Rendering welcome/index.html.erb within layouts/application
  Rendered welcome/index.html.erb within layouts/application (1.0ms)
DEPRECATION WARNING: autoprefixer-rails was deprected. Migration guide:
https://github.com/ai/autoprefixer-rails/wiki/Deprecated (called from _app_views_layouts_application_html_erb__2531494674843717237_14560 at /home/darkgolly/sites/card_app/app/views/layouts/application.html.erb:8)
Completed 200 OK in 2518ms (Views: 2493.3ms | ActiveRecord: 0.0ms)


Started GET "/" for 127.0.0.1 at 2020-09-10 16:37:33 +0500
Processing by WelcomeController#index as HTML
  Rendering welcome/index.html.erb within layouts/application
  Rendered welcome/index.html.erb within layouts/application (1.0ms)
Completed 200 OK in 448ms (Views: 442.4ms | ActiveRecord: 0.0ms)


Started GET "/" for 127.0.0.1 at 2020-09-10 16:43:30 +0500
Processing by WelcomeController#index as HTML
  Rendering welcome/index.html.erb within layouts/application
  Rendered welcome/index.html.erb within layouts/application (0.7ms)
Completed 200 OK in 33ms (Views: 32.5ms | ActiveRecord: 0.0ms)


Started GET "/" for 127.0.0.1 at 2020-09-10 16:44:29 +0500
Processing by WelcomeController#index as HTML
  Rendering welcome/index.html.erb within layouts/application
  Rendered welcome/index.html.erb within layouts/application (0.4ms)
Completed 200 OK in 36ms (Views: 34.9ms | ActiveRecord: 0.0ms)


Started GET "/" for 127.0.0.1 at 2020-09-10 16:44:45 +0500
Processing by WelcomeController#index as HTML
  Rendering welcome/index.html.erb within layouts/application
  Rendered welcome/index.html.erb within layouts/application (0.4ms)
Completed 200 OK in 32ms (Views: 30.7ms | ActiveRecord: 0.0ms)


Started GET "/" for 127.0.0.1 at 2020-09-10 16:44:51 +0500
Processing by WelcomeController#index as HTML
  Rendering welcome/index.html.erb within layouts/application
  Rendered welcome/index.html.erb within layouts/application (0.3ms)
Completed 200 OK in 25ms (Views: 24.0ms | ActiveRecord: 0.0ms)


Started GET "/" for 127.0.0.1 at 2020-09-10 16:45:30 +0500
Processing by WelcomeController#index as HTML
  Rendering welcome/index.html.erb within layouts/application
  Rendered welcome/index.html.erb within layouts/application (0.3ms)
Completed 200 OK in 46ms (Views: 44.8ms | ActiveRecord: 0.0ms)


Started GET "/" for 127.0.0.1 at 2020-09-10 16:47:36 +0500
Processing by WelcomeController#index as HTML
  Rendering welcome/index.html.erb within layouts/application
  Rendered welcome/index.html.erb within layouts/application (0.4ms)
Completed 200 OK in 47ms (Views: 46.3ms | ActiveRecord: 0.0ms)


  [1m[35m (0.1ms)[0m  [1m[34mSELECT sqlite_version(*)[0m
  ↳ /home/darkgolly/.rbenv/versions/2.7.0/bin/rake:23
  [1m[35m (18.7ms)[0m  [1m[35mCREATE TABLE "schema_migrations" ("version" varchar NOT NULL PRIMARY KEY)[0m
  ↳ /home/darkgolly/.rbenv/versions/2.7.0/bin/rake:23
  [1m[35m (17.2ms)[0m  [1m[35mCREATE TABLE "ar_internal_metadata" ("key" varchar NOT NULL PRIMARY KEY, "value" varchar, "created_at" datetime NOT NULL, "updated_at" datetime NOT NULL)[0m
  ↳ /home/darkgolly/.rbenv/versions/2.7.0/bin/rake:23
  [1m[35m (0.1ms)[0m  [1m[34mSELECT "schema_migrations"."version" FROM "schema_migrations" ORDER BY "schema_migrations"."version" ASC[0m
  ↳ /home/darkgolly/.rbenv/versions/2.7.0/bin/rake:23
Migrating to CreateCards (20200910115341)
  [1m[35m (0.1ms)[0m  [1m[36mbegin transaction[0m
  ↳ /home/darkgolly/.rbenv/versions/2.7.0/bin/rake:23
  [1m[35m (0.7ms)[0m  [1m[35mCREATE TABLE "cards" ("id" integer PRIMARY KEY AUTOINCREMENT NOT NULL, "title" varchar, "body" text, "created_at" datetime NOT NULL, "updated_at" datetime NOT NULL)[0m
  ↳ db/migrate/20200910115341_create_cards.rb:3
  [1m[36mActiveRecord::SchemaMigration Create (0.1ms)[0m  [1m[32mINSERT INTO "schema_migrations" ("version") VALUES (?)[0m  [["version", "20200910115341"]]
  ↳ /home/darkgolly/.rbenv/versions/2.7.0/bin/rake:23
  [1m[35m (16.4ms)[0m  [1m[36mcommit transaction[0m
  ↳ /home/darkgolly/.rbenv/versions/2.7.0/bin/rake:23
  [1m[36mActiveRecord::InternalMetadata Load (0.1ms)[0m  [1m[34mSELECT  "ar_internal_metadata".* FROM "ar_internal_metadata" WHERE "ar_internal_metadata"."key" = ? LIMIT ?[0m  [["key", "environment"], ["LIMIT", 1]]
  ↳ /home/darkgolly/.rbenv/versions/2.7.0/bin/rake:23
  [1m[35m (0.0ms)[0m  [1m[36mbegin transaction[0m
  ↳ /home/darkgolly/.rbenv/versions/2.7.0/bin/rake:23
  [1m[36mActiveRecord::InternalMetadata Create (0.1ms)[0m  [1m[32mINSERT INTO "ar_internal_metadata" ("key", "value", "created_at", "updated_at") VALUES (?, ?, ?, ?)[0m  [["key", "environment"], ["value", "development"], ["created_at", "2020-09-10 11:54:01.937716"], ["updated_at", "2020-09-10 11:54:01.937716"]]
  ↳ /home/darkgolly/.rbenv/versions/2.7.0/bin/rake:23
  [1m[35m (9.4ms)[0m  [1m[36mcommit transaction[0m
  ↳ /home/darkgolly/.rbenv/versions/2.7.0/bin/rake:23
  [1m[35m (0.1ms)[0m  [1m[34mSELECT "schema_migrations"."version" FROM "schema_migrations" ORDER BY "schema_migrations"."version" ASC[0m
  ↳ /home/darkgolly/.rbenv/versions/2.7.0/bin/rake:23
Started GET "/" for 127.0.0.1 at 2020-09-10 18:31:57 +0500
  [1m[35m (0.1ms)[0m  [1m[34mSELECT "schema_migrations"."version" FROM "schema_migrations" ORDER BY "schema_migrations"."version" ASC[0m
  ↳ /home/darkgolly/.rbenv/versions/2.5.1/lib/ruby/gems/2.5.0/gems/activerecord-5.2.4.4/lib/active_record/log_subscriber.rb:98
Processing by WelcomeController#index as HTML
  Rendering welcome/index.html.erb within layouts/application
  Rendered welcome/index.html.erb within layouts/application (2.0ms)
DEPRECATION WARNING: autoprefixer-rails was deprected. Migration guide:
https://github.com/ai/autoprefixer-rails/wiki/Deprecated (called from _app_views_layouts_application_html_erb__3293221218015183264_46926532511880 at /home/darkgolly/sites/card_app/app/views/layouts/application.html.erb:8)
Completed 200 OK in 3242ms (Views: 3190.0ms | ActiveRecord: 0.0ms)


Started GET "/" for 127.0.0.1 at 2020-09-10 18:36:41 +0500
Processing by WelcomeController#index as HTML
  Rendering welcome/index.html.erb within layouts/application
  Rendered welcome/index.html.erb within layouts/application (0.7ms)
Completed 200 OK in 41ms (Views: 39.6ms | ActiveRecord: 0.0ms)


